<?xml version="1.0" encoding="UTF-8"?>
<!-- Generated by org.testng.reporters.JUnitReportReporter -->
<testsuite skipped="0" hostname="SandhyaK-PC" name="getRequest.getData" tests="2" failures="0" timestamp="25 Feb 2018 19:37:29 GMT" time="2.007" errors="0">
  <testcase name="testResponsedata" time="0.141" classname="getRequest.getData"/>
  <testcase name="testResponsecode" time="1.866" classname="getRequest.getData"/>
</testsuite> <!-- getRequest.getData -->
